<?xml version="1.0" encoding="UTF-8"?>
<!-- Generated by org.testng.reporters.JUnitReportReporter -->
<testsuite hostname="Mr_Nags" failures="0" tests="1" name="smartbearproject.TC_001_Regestration" time="12.251" errors="0" timestamp="2023-01-17T10:47:05 IST" skipped="0">
  <testcase classname="smartbearproject.TC_001_Regestration" name="regestrationSmartBear" time="12.251"/>
  <system-out>
Home Page is Displayed LogIn Page is Displayed LogIn Page is Displayed  </system-out>
</testsuite> <!-- smartbearproject.TC_001_Regestration -->
