<?xml version="1.0" encoding="UTF-8"?>
<!-- Generated by org.testng.reporters.JUnitReportReporter -->
<testsuite hostname="Mr_Nags" failures="0" tests="1" name="smartbearproject.TC_002_SignIn" time="14.141" errors="0" timestamp="2023-01-17T15:01:02 IST" skipped="0">
  <testcase classname="smartbearproject.TC_002_SignIn" name="create" time="14.141"/>
  <system-out>
Home Page is Displayed LogIn Page is Displayed  </system-out>
</testsuite> <!-- smartbearproject.TC_002_SignIn -->
